Построение начато 13.11.2020 13:49:15.
     1>Проект "C:\Users\Lenovo\Desktop\Lab_works\Л и ОА в ИЗ\Lab_4\Lab_4\Lab_4\Lab_4.vcxproj" в узле 2 (целевые объекты build).
     1>InitializeBuildStatus:
         Создание "Debug\Lab_4.unsuccessfulbuild", так как было задано "AlwaysCreate".
       ClCompile:
         Для всех выходных данных обновления не требуется.
         C:\Program Files (x86)\Microsoft Visual Studio 10.0\VC\bin\CL.exe /c /ZI /nologo /W3 /WX- /Od /Oy- /D WIN32 /D _DEBUG /D _CONSOLE /D _UNICODE /D UNICODE /Gm /EHsc /RTC1 /MDd /GS /fp:precise /Zc:wchar_t /Zc:forScope /Yu"StdAfx.h" /Fp"Debug\Lab_4.pch" /Fo"Debug\\" /Fd"Debug\vc100.pdb" /Gd /TP /analyze- /errorReport:prompt Lab_4.cpp
         Lab_4.cpp
     1>c:\users\lenovo\desktop\lab_works\л и оа в из\lab_4\lab_4\lab_4\lab_4.cpp(68): warning C4996: 'getch': The POSIX name for this item is deprecated. Instead, use the ISO C++ conformant name: _getch. See online help for details.
                 c:\program files (x86)\microsoft visual studio 10.0\vc\include\conio.h(128): см. объявление "getch"
       ManifestResourceCompile:
         Для всех выходных данных обновления не требуется.
       Link:
         C:\Program Files (x86)\Microsoft Visual Studio 10.0\VC\bin\link.exe /ERRORREPORT:PROMPT /OUT:"C:\Users\Lenovo\Desktop\Lab_works\Л и ОА в ИЗ\Lab_4\Lab_4\Debug\Lab_4.exe" /INCREMENTAL /NOLOGO kernel32.lib user32.lib gdi32.lib winspool.lib comdlg32.lib advapi32.lib shell32.lib ole32.lib oleaut32.lib uuid.lib odbc32.lib odbccp32.lib /MANIFEST /ManifestFile:"Debug\Lab_4.exe.intermediate.manifest" /MANIFESTUAC:"level='asInvoker' uiAccess='false'" /DEBUG /PDB:"C:\Users\Lenovo\Desktop\Lab_works\Л и ОА в ИЗ\Lab_4\Lab_4\Debug\Lab_4.pdb" /SUBSYSTEM:CONSOLE /TLBID:1 /DYNAMICBASE /NXCOMPAT /IMPLIB:"C:\Users\Lenovo\Desktop\Lab_works\Л и ОА в ИЗ\Lab_4\Lab_4\Debug\Lab_4.lib" /MACHINE:X86 Debug\Lab_4.exe.embed.manifest.res
         Debug\Lab_4.obj
         Debug\stdafx.obj
       Manifest:
         C:\Program Files (x86)\Microsoft SDKs\Windows\v7.0A\bin\mt.exe /nologo /verbose /out:"Debug\Lab_4.exe.embed.manifest" /manifest Debug\Lab_4.exe.intermediate.manifest
         Для всех выходных данных обновления не требуется.
       LinkEmbedManifest:
         Для всех выходных данных обновления не требуется.
         Lab_4.vcxproj -> C:\Users\Lenovo\Desktop\Lab_works\Л и ОА в ИЗ\Lab_4\Lab_4\Debug\Lab_4.exe
       FinalizeBuildStatus:
         Файл "Debug\Lab_4.unsuccessfulbuild" удаляется.
         Обращение к "Debug\Lab_4.lastbuildstate".
     1>Построение проекта "C:\Users\Lenovo\Desktop\Lab_works\Л и ОА в ИЗ\Lab_4\Lab_4\Lab_4\Lab_4.vcxproj" завершено (целевые объекты build).

Построение успешно завершено.

Затраченное время: 00:00:01.52
